{"C:\\Users\\sysoi\\WebstormProjects\\js_testing\\basic-testing-frontend\\app.js": {"path":"C:\\Users\\sysoi\\WebstormProjects\\js_testing\\basic-testing-frontend\\app.js","all":true,"statementMap":{"0":{"start":{"line":1,"column":0},"end":{"line":1,"column":49}},"1":{"start":{"line":2,"column":0},"end":{"line":2,"column":8}},"5":{"start":{"line":6,"column":0},"end":{"line":6,"column":36}},"6":{"start":{"line":7,"column":0},"end":{"line":7,"column":58}},"8":{"start":{"line":9,"column":0},"end":{"line":9,"column":44}},"9":{"start":{"line":10,"column":0},"end":{"line":10,"column":49}},"11":{"start":{"line":12,"column":0},"end":{"line":12,"column":35}},"12":{"start":{"line":13,"column":0},"end":{"line":13,"column":25}},"13":{"start":{"line":14,"column":0},"end":{"line":14,"column":38}},"14":{"start":{"line":15,"column":0},"end":{"line":15,"column":48}},"16":{"start":{"line":17,"column":0},"end":{"line":17,"column":18}},"17":{"start":{"line":18,"column":0},"end":{"line":18,"column":2}},"18":{"start":{"line":19,"column":0},"end":{"line":19,"column":7}},"19":{"start":{"line":20,"column":0},"end":{"line":20,"column":23}},"20":{"start":{"line":21,"column":0},"end":{"line":21,"column":45}},"21":{"start":{"line":22,"column":0},"end":{"line":22,"column":42}},"22":{"start":{"line":23,"column":0},"end":{"line":23,"column":52}},"23":{"start":{"line":24,"column":0},"end":{"line":24,"column":29}},"24":{"start":{"line":25,"column":0},"end":{"line":25,"column":27}},"25":{"start":{"line":26,"column":0},"end":{"line":26,"column":5}},"26":{"start":{"line":27,"column":0},"end":{"line":27,"column":37}},"27":{"start":{"line":28,"column":0},"end":{"line":28,"column":19}},"28":{"start":{"line":29,"column":0},"end":{"line":29,"column":27}},"29":{"start":{"line":30,"column":0},"end":{"line":30,"column":3}},"31":{"start":{"line":32,"column":0},"end":{"line":32,"column":22}},"33":{"start":{"line":34,"column":0},"end":{"line":34,"column":29}},"34":{"start":{"line":35,"column":0},"end":{"line":35,"column":64}},"35":{"start":{"line":36,"column":0},"end":{"line":36,"column":36}},"36":{"start":{"line":37,"column":0},"end":{"line":37,"column":37}},"37":{"start":{"line":38,"column":0},"end":{"line":38,"column":3}},"39":{"start":{"line":40,"column":0},"end":{"line":40,"column":34}},"40":{"start":{"line":41,"column":0},"end":{"line":41,"column":1}},"42":{"start":{"line":43,"column":0},"end":{"line":43,"column":51}}},"s":{"0":0,"1":0,"5":0,"6":0,"8":0,"9":0,"11":0,"12":0,"13":0,"14":0,"16":0,"17":0,"18":0,"19":0,"20":0,"21":0,"22":0,"23":0,"24":0,"25":0,"26":0,"27":0,"28":0,"29":0,"31":0,"33":0,"34":0,"35":0,"36":0,"37":0,"39":0,"40":0,"42":0},"branchMap":{"0":{"type":"branch","line":1,"loc":{"start":{"line":1,"column":0},"end":{"line":43,"column":-312}},"locations":[{"start":{"line":1,"column":0},"end":{"line":43,"column":-312}}]}},"b":{"0":[0]},"fnMap":{"0":{"name":"(empty-report)","decl":{"start":{"line":1,"column":0},"end":{"line":43,"column":-312}},"loc":{"start":{"line":1,"column":0},"end":{"line":43,"column":-312}},"line":1}},"f":{"0":0}}
,"C:\\Users\\sysoi\\WebstormProjects\\js_testing\\basic-testing-frontend\\src\\math.js": {"path":"C:\\Users\\sysoi\\WebstormProjects\\js_testing\\basic-testing-frontend\\src\\math.js","all":false,"statementMap":{"0":{"start":{"line":1,"column":0},"end":{"line":1,"column":30}},"1":{"start":{"line":2,"column":0},"end":{"line":2,"column":14}},"3":{"start":{"line":4,"column":0},"end":{"line":4,"column":33}},"4":{"start":{"line":5,"column":0},"end":{"line":5,"column":28}},"5":{"start":{"line":6,"column":0},"end":{"line":6,"column":3}},"6":{"start":{"line":7,"column":0},"end":{"line":7,"column":13}},"7":{"start":{"line":8,"column":0},"end":{"line":8,"column":1}}},"s":{"0":1,"1":6,"3":6,"4":16,"5":16,"6":4,"7":4},"branchMap":{"0":{"type":"branch","line":1,"loc":{"start":{"line":1,"column":7},"end":{"line":8,"column":1}},"locations":[{"start":{"line":1,"column":7},"end":{"line":8,"column":1}}]},"1":{"type":"branch","line":4,"loc":{"start":{"line":4,"column":32},"end":{"line":6,"column":3}},"locations":[{"start":{"line":4,"column":32},"end":{"line":6,"column":3}}]},"2":{"type":"branch","line":6,"loc":{"start":{"line":6,"column":2},"end":{"line":8,"column":1}},"locations":[{"start":{"line":6,"column":2},"end":{"line":8,"column":1}}]}},"b":{"0":[6],"1":[16],"2":[4]},"fnMap":{"0":{"name":"add","decl":{"start":{"line":1,"column":7},"end":{"line":8,"column":1}},"loc":{"start":{"line":1,"column":7},"end":{"line":8,"column":1}},"line":1}},"f":{"0":6}}
,"C:\\Users\\sysoi\\WebstormProjects\\js_testing\\basic-testing-frontend\\src\\output.js": {"path":"C:\\Users\\sysoi\\WebstormProjects\\js_testing\\basic-testing-frontend\\src\\output.js","all":false,"statementMap":{"0":{"start":{"line":1,"column":0},"end":{"line":1,"column":55}},"1":{"start":{"line":2,"column":0},"end":{"line":2,"column":24}},"2":{"start":{"line":3,"column":0},"end":{"line":3,"column":0}},"3":{"start":{"line":4,"column":0},"end":{"line":4,"column":42}},"4":{"start":{"line":5,"column":0},"end":{"line":5,"column":68}},"5":{"start":{"line":6,"column":0},"end":{"line":6,"column":49}},"6":{"start":{"line":7,"column":0},"end":{"line":7,"column":52}},"7":{"start":{"line":8,"column":0},"end":{"line":8,"column":5}},"8":{"start":{"line":9,"column":0},"end":{"line":9,"column":0}},"9":{"start":{"line":10,"column":0},"end":{"line":10,"column":22}},"10":{"start":{"line":11,"column":0},"end":{"line":11,"column":1}},"11":{"start":{"line":12,"column":0},"end":{"line":12,"column":0}},"12":{"start":{"line":13,"column":0},"end":{"line":13,"column":42}},"13":{"start":{"line":14,"column":0},"end":{"line":14,"column":53}},"14":{"start":{"line":15,"column":0},"end":{"line":15,"column":36}},"15":{"start":{"line":16,"column":0},"end":{"line":16,"column":1}}},"s":{"0":1,"1":6,"2":6,"3":6,"4":2,"5":6,"6":3,"7":3,"8":6,"9":6,"10":6,"11":1,"12":1,"13":0,"14":0,"15":0},"branchMap":{"0":{"type":"branch","line":1,"loc":{"start":{"line":1,"column":7},"end":{"line":11,"column":1}},"locations":[{"start":{"line":1,"column":7},"end":{"line":11,"column":1}}]},"1":{"type":"branch","line":4,"loc":{"start":{"line":4,"column":41},"end":{"line":6,"column":5}},"locations":[{"start":{"line":4,"column":41},"end":{"line":6,"column":5}}]},"2":{"type":"branch","line":6,"loc":{"start":{"line":6,"column":5},"end":{"line":8,"column":5}},"locations":[{"start":{"line":6,"column":5},"end":{"line":8,"column":5}}]},"3":{"type":"branch","line":6,"loc":{"start":{"line":6,"column":48},"end":{"line":8,"column":5}},"locations":[{"start":{"line":6,"column":48},"end":{"line":8,"column":5}}]}},"b":{"0":[6],"1":[2],"2":[4],"3":[3]},"fnMap":{"0":{"name":"generateResultText","decl":{"start":{"line":1,"column":7},"end":{"line":11,"column":1}},"loc":{"start":{"line":1,"column":7},"end":{"line":11,"column":1}},"line":1},"1":{"name":"outputResult","decl":{"start":{"line":13,"column":7},"end":{"line":16,"column":1}},"loc":{"start":{"line":13,"column":7},"end":{"line":16,"column":1}},"line":13}},"f":{"0":6,"1":0}}
,"C:\\Users\\sysoi\\WebstormProjects\\js_testing\\basic-testing-frontend\\src\\parser.js": {"path":"C:\\Users\\sysoi\\WebstormProjects\\js_testing\\basic-testing-frontend\\src\\parser.js","all":true,"statementMap":{"0":{"start":{"line":1,"column":0},"end":{"line":1,"column":42}},"1":{"start":{"line":2,"column":0},"end":{"line":2,"column":41}},"2":{"start":{"line":3,"column":0},"end":{"line":3,"column":41}},"4":{"start":{"line":5,"column":0},"end":{"line":5,"column":32}},"5":{"start":{"line":6,"column":0},"end":{"line":6,"column":1}}},"s":{"0":0,"1":0,"2":0,"4":0,"5":0},"branchMap":{"0":{"type":"branch","line":1,"loc":{"start":{"line":1,"column":162},"end":{"line":6,"column":1}},"locations":[{"start":{"line":1,"column":162},"end":{"line":6,"column":1}}]}},"b":{"0":[0]},"fnMap":{"0":{"name":"(empty-report)","decl":{"start":{"line":1,"column":162},"end":{"line":6,"column":1}},"loc":{"start":{"line":1,"column":162},"end":{"line":6,"column":1}},"line":1}},"f":{"0":0}}
,"C:\\Users\\sysoi\\WebstormProjects\\js_testing\\basic-testing-frontend\\src\\util\\numbers.js": {"path":"C:\\Users\\sysoi\\WebstormProjects\\js_testing\\basic-testing-frontend\\src\\util\\numbers.js","all":false,"statementMap":{"0":{"start":{"line":1,"column":0},"end":{"line":1,"column":42}},"1":{"start":{"line":2,"column":0},"end":{"line":2,"column":16}},"2":{"start":{"line":3,"column":0},"end":{"line":3,"column":1}}},"s":{"0":1,"1":4,"2":4},"branchMap":{"0":{"type":"branch","line":1,"loc":{"start":{"line":1,"column":7},"end":{"line":3,"column":1}},"locations":[{"start":{"line":1,"column":7},"end":{"line":3,"column":1}}]}},"b":{"0":[4]},"fnMap":{"0":{"name":"transformToNumber","decl":{"start":{"line":1,"column":7},"end":{"line":3,"column":1}},"loc":{"start":{"line":1,"column":7},"end":{"line":3,"column":1}},"line":1}},"f":{"0":4}}
,"C:\\Users\\sysoi\\WebstormProjects\\js_testing\\basic-testing-frontend\\src\\util\\validation.js": {"path":"C:\\Users\\sysoi\\WebstormProjects\\js_testing\\basic-testing-frontend\\src\\util\\validation.js","all":false,"statementMap":{"0":{"start":{"line":1,"column":0},"end":{"line":1,"column":47}},"1":{"start":{"line":2,"column":0},"end":{"line":2,"column":34}},"2":{"start":{"line":3,"column":0},"end":{"line":3,"column":58}},"3":{"start":{"line":4,"column":0},"end":{"line":4,"column":3}},"4":{"start":{"line":5,"column":0},"end":{"line":5,"column":1}},"6":{"start":{"line":7,"column":0},"end":{"line":7,"column":40}},"7":{"start":{"line":8,"column":0},"end":{"line":8,"column":52}},"8":{"start":{"line":9,"column":0},"end":{"line":9,"column":45}},"9":{"start":{"line":10,"column":0},"end":{"line":10,"column":3}},"10":{"start":{"line":11,"column":0},"end":{"line":11,"column":1}}},"s":{"0":1,"1":7,"2":3,"3":3,"4":7,"6":1,"7":4,"8":3,"9":3,"10":4},"branchMap":{"0":{"type":"branch","line":1,"loc":{"start":{"line":1,"column":7},"end":{"line":5,"column":1}},"locations":[{"start":{"line":1,"column":7},"end":{"line":5,"column":1}}]},"1":{"type":"branch","line":2,"loc":{"start":{"line":2,"column":33},"end":{"line":4,"column":3}},"locations":[{"start":{"line":2,"column":33},"end":{"line":4,"column":3}}]},"2":{"type":"branch","line":7,"loc":{"start":{"line":7,"column":7},"end":{"line":11,"column":1}},"locations":[{"start":{"line":7,"column":7},"end":{"line":11,"column":1}}]},"3":{"type":"branch","line":8,"loc":{"start":{"line":8,"column":20},"end":{"line":8,"column":49}},"locations":[{"start":{"line":8,"column":20},"end":{"line":8,"column":49}}]},"4":{"type":"branch","line":8,"loc":{"start":{"line":8,"column":51},"end":{"line":10,"column":3}},"locations":[{"start":{"line":8,"column":51},"end":{"line":10,"column":3}}]}},"b":{"0":[7],"1":[3],"2":[4],"3":[2],"4":[3]},"fnMap":{"0":{"name":"validateStringNotEmpty","decl":{"start":{"line":1,"column":7},"end":{"line":5,"column":1}},"loc":{"start":{"line":1,"column":7},"end":{"line":5,"column":1}},"line":1},"1":{"name":"validateNumber","decl":{"start":{"line":7,"column":7},"end":{"line":11,"column":1}},"loc":{"start":{"line":7,"column":7},"end":{"line":11,"column":1}},"line":7}},"f":{"0":7,"1":4}}
}
